 “ú •t    Žž ŠÔ    ‚h ‚c  
-------- -------- -------- -----------------------------
23/03/28 21:31:14 9801      TELNET   192.168.1.165
4/28/2023 2:41:02           TELNET   192.168.1.165
4/28/2023 2:45:50           TELNET   192.168.1.165
4/28/2023 2:46:01           TELNET   192.168.1.165
4/28/2023 5:57:24           TELNET   LOCALHOST
4/28/2023 5:59:05           DIRECT L1
4/29/2023 1:31:21 9801      TELNET   LOCALHOST
4/29/2023 3:39:05           TELNET   LOCALHOST
4/29/2023 3:40:00 9801      TELNET   LOCALHOST
4/29/2023 9:04:47           TELNET   LOCALHOST
4/29/2023 9:05:29 FA        TELNET   192.168.1.30
4/29/2023 9:05:32           TELNET   LOCALHOST
4/29/2023 9:05:32           TELNET   192.168.1.30
4/29/2023 9:06:06           TELNET   192.168.1.30
4/1/2023 7:37:25            TELNET   LOCALHOST
4/1/2023 8:16:17  TEST9821  TELNET   LOCALHOST
4/1/2023 8:16:23  TEST9821  TELNET   LOCALHOST
4/1/2023 11:27:33           TELNET   LOCALHOST
4/2/2023 4:59:02  9801      TELNET   LOCALHOST
4/2/2023 4:59:04  9801      TELNET   LOCALHOST
4/2/2023 4:59:23  9801      TELNET   LOCALHOST
4/2/2023 5:00:04  9801      TELNET   LOCALHOST
4/2/2023 5:05:46            DIRECT L1
4/2/2023 5:06:27            MODEM L1
4/2/2023 5:06:34            MODEM L1
4/2/2023 7:45:55            TELNET   LOCALHOST
4/2/2023 8:19:43            TELNET   LOCALHOST
4/2/2023 8:57:14            TELNET   LOCALHOST
4/2/2023 9:00:56            TELNET   LOCALHOST
4/2/2023 9:01:24            TELNET   LOCALHOST
4/2/2023 9:05:02            TELNET   LOCALHOST
4/2/2023 9:05:18            TELNET   LOCALHOST
4/2/2023 9:05:54            TELNET   LOCALHOST
4/2/2023 9:25:47  FSAF      TELNET   LOCALHOST
4/2/2023 9:26:58            TELNET   LOCALHOST
4/2/2023 9:39:37            TELNET   LOCALHOST
4/2/2023 9:42:18  9801      TELNET   LOCALHOST
4/2/2023 9:50:58            TELNET   LOCALHOST
4/2/2023 10:00:37           TELNET   LOCALHOST
4/2/2023 10:04:50           TELNET   LOCALHOST
4/2/2023 10:27:33           TELNET   LOCALHOST
4/2/2023 11:04:49           TELNET   192.168.1.165
4/2/2023 11:06:40           TELNET   LOCALHOST
4/2/2023 12:42:39           TELNET   LOCALHOST
4/4/2023 4:44:41            TELNET   LOCALHOST
4/4/2023 4:45:10            TELNET   LOCALHOST
4/4/2023 4:45:57            TELNET   LOCALHOST
